{"message":"Connected to MongoDB...","level":"info","timestamp":"2021-01-05T22:09:57.617Z"}
{"message":"Connected to MongoDB...","level":"info","timestamp":"2021-01-05T22:18:24.138Z"}
{"message":"Connected to MongoDB...","level":"info","timestamp":"2021-01-05T22:18:40.412Z"}
{"level":"error","message":"Could not get dataCould not get data","stack":"Error: Could not get data\n    at /Users/wacore/Documents/Documents - Hongda’s MacBook Pro/NaoKi-API/routes/menus.js:20:11\n    at /Users/wacore/Documents/Documents - Hongda’s MacBook Pro/NaoKi-API/middleware/async.js:4:13\n    at Layer.handle [as handle_request] (/Users/wacore/Documents/Documents - Hongda’s MacBook Pro/NaoKi-API/node_modules/express/lib/router/layer.js:95:5)\n    at next (/Users/wacore/Documents/Documents - Hongda’s MacBook Pro/NaoKi-API/node_modules/express/lib/router/route.js:137:13)\n    at auth (/Users/wacore/Documents/Documents - Hongda’s MacBook Pro/NaoKi-API/middleware/auth.js:11:5)\n    at Layer.handle [as handle_request] (/Users/wacore/Documents/Documents - Hongda’s MacBook Pro/NaoKi-API/node_modules/express/lib/router/layer.js:95:5)\n    at next (/Users/wacore/Documents/Documents - Hongda’s MacBook Pro/NaoKi-API/node_modules/express/lib/router/route.js:137:13)\n    at Route.dispatch (/Users/wacore/Documents/Documents - Hongda’s MacBook Pro/NaoKi-API/node_modules/express/lib/router/route.js:112:3)\n    at Layer.handle [as handle_request] (/Users/wacore/Documents/Documents - Hongda’s MacBook Pro/NaoKi-API/node_modules/express/lib/router/layer.js:95:5)\n    at /Users/wacore/Documents/Documents - Hongda’s MacBook Pro/NaoKi-API/node_modules/express/lib/router/index.js:281:22\n    at Function.process_params (/Users/wacore/Documents/Documents - Hongda’s MacBook Pro/NaoKi-API/node_modules/express/lib/router/index.js:335:12)\n    at next (/Users/wacore/Documents/Documents - Hongda’s MacBook Pro/NaoKi-API/node_modules/express/lib/router/index.js:275:10)\n    at expressInit (/Users/wacore/Documents/Documents - Hongda’s MacBook Pro/NaoKi-API/node_modules/express/lib/middleware/init.js:40:5)\n    at Layer.handle [as handle_request] (/Users/wacore/Documents/Documents - Hongda’s MacBook Pro/NaoKi-API/node_modules/express/lib/router/layer.js:95:5)\n    at trim_prefix (/Users/wacore/Documents/Documents - Hongda’s MacBook Pro/NaoKi-API/node_modules/express/lib/router/index.js:317:13)\n    at /Users/wacore/Documents/Documents - Hongda’s MacBook Pro/NaoKi-API/node_modules/express/lib/router/index.js:284:7","timestamp":"2021-01-05T22:18:44.783Z"}
{"level":"error","message":"Something failed.Something failed.","stack":"Error: Something failed.\n    at Object.<anonymous> (/Users/wacore/Documents/Documents - Hongda’s MacBook Pro/NaoKi-API/app.js:29:7)\n    at Module._compile (internal/modules/cjs/loader.js:1137:30)\n    at Object.Module._extensions..js (internal/modules/cjs/loader.js:1157:10)\n    at Module.load (internal/modules/cjs/loader.js:985:32)\n    at Function.Module._load (internal/modules/cjs/loader.js:878:14)\n    at Function.executeUserEntryPoint [as runMain] (internal/modules/run_main.js:71:12)\n    at internal/main/run_main_module.js:17:47","timestamp":"2021-01-05T22:20:39.469Z"}
{"message":"Connected to MongoDB...","level":"info","timestamp":"2021-01-05T22:20:39.488Z"}
{"level":"error","message":"Something failedSomething failed","stack":"Error: Something failed\n    at Object.<anonymous> (/Users/wacore/Documents/Documents - Hongda’s MacBook Pro/NaoKi-API/app.js:29:7)\n    at Module._compile (internal/modules/cjs/loader.js:1137:30)\n    at Object.Module._extensions..js (internal/modules/cjs/loader.js:1157:10)\n    at Module.load (internal/modules/cjs/loader.js:985:32)\n    at Function.Module._load (internal/modules/cjs/loader.js:878:14)\n    at Function.executeUserEntryPoint [as runMain] (internal/modules/run_main.js:71:12)\n    at internal/main/run_main_module.js:17:47","timestamp":"2021-01-05T22:25:22.782Z"}
{"message":"Connected to MongoDB...","level":"info","timestamp":"2021-01-05T22:25:22.802Z"}
{"level":"error","message":"Something failedSomething failed","stack":"Error: Something failed\n    at Object.<anonymous> (/Users/wacore/Documents/Documents - Hongda’s MacBook Pro/NaoKi-API/app.js:29:7)\n    at Module._compile (internal/modules/cjs/loader.js:1137:30)\n    at Object.Module._extensions..js (internal/modules/cjs/loader.js:1157:10)\n    at Module.load (internal/modules/cjs/loader.js:985:32)\n    at Function.Module._load (internal/modules/cjs/loader.js:878:14)\n    at Function.executeUserEntryPoint [as runMain] (internal/modules/run_main.js:71:12)\n    at internal/main/run_main_module.js:17:47","timestamp":"2021-01-05T22:26:09.891Z"}
{"message":"Connected to MongoDB...","level":"info","timestamp":"2021-01-05T22:26:09.911Z"}
{"message":"Connected to MongoDB...","level":"info","timestamp":"2021-01-05T22:26:33.086Z"}
{"message":"Connected to MongoDB...","level":"info","timestamp":"2021-01-05T22:30:20.063Z"}
{"message":"Connected to MongoDB...","level":"info","timestamp":"2021-01-05T22:30:42.217Z"}
{"level":"error","message":"FATAL ERROR: jwtPrivateKey is not defined!FATAL ERROR: jwtPrivateKey is not defined!","stack":"Error: FATAL ERROR: jwtPrivateKey is not defined!\n    at module.exports (/Users/wacore/Documents/Documents - Hongda’s MacBook Pro/NaoKi-API/startup/config.js:5:11)\n    at Object.<anonymous> (/Users/wacore/Documents/Documents - Hongda’s MacBook Pro/NaoKi-API/app.js:7:28)\n    at Module._compile (internal/modules/cjs/loader.js:1137:30)\n    at Object.Module._extensions..js (internal/modules/cjs/loader.js:1157:10)\n    at Module.load (internal/modules/cjs/loader.js:985:32)\n    at Function.Module._load (internal/modules/cjs/loader.js:878:14)\n    at Function.executeUserEntryPoint [as runMain] (internal/modules/run_main.js:71:12)\n    at internal/main/run_main_module.js:17:47","timestamp":"2021-01-05T22:31:07.332Z"}
{"message":"Connected to MongoDB...","level":"info","timestamp":"2021-01-05T22:31:07.353Z"}
{"message":"Connected to MongoDB mongodb://localhost:27017/Naoki_api_tests...","level":"info","timestamp":"2021-01-14T16:57:05.201Z"}
{"message":"Connected to MongoDB mongodb://localhost:27017/Naoki_api_tests...","level":"info","timestamp":"2021-01-14T16:57:05.232Z"}
{"message":"Connected to MongoDB mongodb://localhost:27017/Naoki_api_tests...","level":"info","timestamp":"2021-01-14T16:57:05.274Z"}
{"message":"Connected to MongoDB mongodb://localhost:27017/Naoki_api_tests...","level":"info","timestamp":"2021-01-14T16:57:05.367Z"}
{"message":"Connected to MongoDB mongodb://localhost:27017/Naoki_api_tests...","level":"info","timestamp":"2021-01-14T16:57:10.827Z"}
{"message":"Connected to MongoDB mongodb://localhost:27017/Naoki_api_tests...","level":"info","timestamp":"2021-01-14T16:57:10.976Z"}
{"message":"Connected to MongoDB mongodb://localhost:27017/Naoki_api_tests...","level":"info","timestamp":"2021-01-14T16:57:11.040Z"}
{"message":"Connected to MongoDB mongodb://localhost:27017/Naoki_api_tests...","level":"info","timestamp":"2021-01-14T16:57:11.114Z"}
{"message":"Connected to MongoDB mongodb://localhost:27017/Naoki_api_tests...","level":"info","timestamp":"2021-01-14T16:57:52.096Z"}
{"message":"Connected to MongoDB mongodb://localhost:27017/Naoki_api_tests...","level":"info","timestamp":"2021-01-14T16:57:52.145Z"}
{"message":"Connected to MongoDB mongodb://localhost:27017/Naoki_api_tests...","level":"info","timestamp":"2021-01-14T16:57:52.289Z"}
{"message":"Connected to MongoDB mongodb://localhost:27017/Naoki_api_tests...","level":"info","timestamp":"2021-01-14T16:57:52.426Z"}
{"message":"Connected to MongoDB mongodb://localhost:27017/Naoki_api_tests...","level":"info","timestamp":"2021-01-14T16:58:06.010Z"}
{"message":"Connected to MongoDB mongodb://localhost:27017/Naoki_api_tests...","level":"info","timestamp":"2021-01-14T16:58:06.148Z"}
{"message":"Connected to MongoDB mongodb://localhost:27017/Naoki_api_tests...","level":"info","timestamp":"2021-01-14T16:58:06.144Z"}
{"message":"Connected to MongoDB mongodb://localhost:27017/Naoki_api_tests...","level":"info","timestamp":"2021-01-14T16:58:06.223Z"}
{"message":"Connected to MongoDB mongodb://localhost:27017/Naoki_api_tests...","level":"info","timestamp":"2021-01-14T16:58:11.667Z"}
{"message":"Connected to MongoDB mongodb://localhost:27017/Naoki_api_tests...","level":"info","timestamp":"2021-01-14T16:58:11.725Z"}
{"message":"Connected to MongoDB mongodb://localhost:27017/Naoki_api_tests...","level":"info","timestamp":"2021-01-14T16:58:11.851Z"}
{"message":"Connected to MongoDB mongodb://localhost:27017/Naoki_api_tests...","level":"info","timestamp":"2021-01-14T16:58:12.385Z"}
{"message":"Connected to MongoDB mongodb://localhost:27017/Naoki_api_tests...","level":"info","timestamp":"2021-01-14T16:59:49.755Z"}
{"message":"Connected to MongoDB mongodb://localhost:27017/Naoki_api_tests...","level":"info","timestamp":"2021-01-14T16:59:49.825Z"}
{"message":"Connected to MongoDB mongodb://localhost:27017/Naoki_api_tests...","level":"info","timestamp":"2021-01-14T16:59:49.989Z"}
{"message":"Connected to MongoDB mongodb://localhost:27017/Naoki_api_tests...","level":"info","timestamp":"2021-01-14T16:59:50.022Z"}
{"message":"Connected to MongoDB mongodb://localhost:27017/Naoki_api_tests...","level":"info","timestamp":"2021-01-14T16:59:55.499Z"}
{"message":"Connected to MongoDB mongodb://localhost:27017/Naoki_api_tests...","level":"info","timestamp":"2021-01-14T16:59:55.510Z"}
{"message":"Connected to MongoDB mongodb://localhost:27017/Naoki_api_tests...","level":"info","timestamp":"2021-01-14T16:59:55.684Z"}
{"message":"Connected to MongoDB mongodb://localhost:27017/Naoki_api_tests...","level":"info","timestamp":"2021-01-14T16:59:55.888Z"}
{"message":"Connected to MongoDB mongodb://localhost:27017/Naoki_api_tests...","level":"info","timestamp":"2021-01-14T17:00:25.355Z"}
{"message":"Connected to MongoDB mongodb://localhost:27017/Naoki_api_tests...","level":"info","timestamp":"2021-01-14T17:00:25.489Z"}
{"message":"Connected to MongoDB mongodb://localhost:27017/Naoki_api_tests...","level":"info","timestamp":"2021-01-14T17:00:25.528Z"}
{"message":"Connected to MongoDB mongodb://localhost:27017/Naoki_api_tests...","level":"info","timestamp":"2021-01-14T17:00:25.592Z"}
{"message":"Connected to MongoDB mongodb://localhost:27017/Naoki_api_tests...","level":"info","timestamp":"2021-01-14T17:03:49.146Z"}
{"message":"Connected to MongoDB mongodb://localhost:27017/Naoki_api_tests...","level":"info","timestamp":"2021-01-14T17:03:49.248Z"}
{"message":"Connected to MongoDB mongodb://localhost:27017/Naoki_api_tests...","level":"info","timestamp":"2021-01-14T17:03:49.401Z"}
{"message":"Connected to MongoDB mongodb://localhost:27017/Naoki_api_tests...","level":"info","timestamp":"2021-01-14T17:04:21.100Z"}
{"message":"Connected to MongoDB mongodb://localhost:27017/Naoki_api_tests...","level":"info","timestamp":"2021-01-14T17:04:21.412Z"}
{"message":"Connected to MongoDB mongodb://localhost:27017/Naoki_api_tests...","level":"info","timestamp":"2021-01-14T17:04:21.657Z"}
{"message":"Connected to MongoDB mongodb://localhost:27017/Naoki_api_tests...","level":"info","timestamp":"2021-01-14T17:04:22.399Z"}
{"message":"Connected to MongoDB mongodb://localhost:27017/Naoki_api_tests...","level":"info","timestamp":"2021-01-14T17:05:17.060Z"}
{"message":"Connected to MongoDB mongodb://localhost:27017/Naoki_api_tests...","level":"info","timestamp":"2021-01-14T17:05:22.142Z"}
{"message":"Connected to MongoDB mongodb://localhost:27017/Naoki_api_tests...","level":"info","timestamp":"2021-01-14T17:05:22.619Z"}
{"message":"Connected to MongoDB mongodb://localhost:27017/Naoki_api_tests...","level":"info","timestamp":"2021-01-14T17:05:23.114Z"}
{"message":"Connected to MongoDB mongodb://localhost:27017/Naoki_api_tests...","level":"info","timestamp":"2021-01-14T17:08:48.547Z"}
{"message":"Connected to MongoDB mongodb://localhost:27017/Naoki_api_tests...","level":"info","timestamp":"2021-01-14T17:10:04.369Z"}
{"message":"Connected to MongoDB mongodb://localhost:27017/Naoki_api_tests...","level":"info","timestamp":"2021-01-14T17:10:05.126Z"}
{"message":"Connected to MongoDB mongodb://localhost:27017/Naoki_api_tests...","level":"info","timestamp":"2021-01-14T17:10:05.113Z"}
{"message":"Connected to MongoDB mongodb://localhost:27017/Naoki_api_tests...","level":"info","timestamp":"2021-01-14T17:10:11.223Z"}
{"message":"Connected to MongoDB mongodb://localhost:27017/Naoki_api_tests...","level":"info","timestamp":"2021-01-14T17:10:12.812Z"}
{"message":"Connected to MongoDB mongodb://localhost:27017/Naoki_api_tests...","level":"info","timestamp":"2021-01-14T17:10:14.253Z"}
{"message":"Connected to MongoDB mongodb://localhost:27017/Naoki_api_tests...","level":"info","timestamp":"2021-01-14T17:11:25.305Z"}
{"message":"Connected to MongoDB mongodb://localhost:27017/Naoki_api_tests...","level":"info","timestamp":"2021-01-14T17:11:26.937Z"}
{"message":"Connected to MongoDB mongodb://localhost:27017/Naoki_api_tests...","level":"info","timestamp":"2021-01-14T17:11:28.332Z"}
{"message":"Connected to MongoDB mongodb://localhost:27017/Naoki_api_tests...","level":"info","timestamp":"2021-01-14T17:12:13.247Z"}
{"message":"Connected to MongoDB mongodb://localhost:27017/Naoki_api_tests...","level":"info","timestamp":"2021-01-14T17:12:13.373Z"}
{"message":"Connected to MongoDB mongodb://localhost:27017/Naoki_api_tests...","level":"info","timestamp":"2021-01-14T17:12:13.420Z"}
{"message":"Connected to MongoDB mongodb://localhost:27017/Naoki_api_tests...","level":"info","timestamp":"2021-01-14T17:12:15.630Z"}
{"message":"Connected to MongoDB mongodb://localhost:27017/Naoki_api_tests...","level":"info","timestamp":"2021-01-14T17:12:16.165Z"}
{"message":"Connected to MongoDB mongodb://localhost:27017/Naoki_api_tests...","level":"info","timestamp":"2021-01-14T17:12:16.563Z"}
{"message":"Connected to MongoDB mongodb://localhost:27017/Naoki_api_tests...","level":"info","timestamp":"2021-01-14T17:12:44.456Z"}
{"message":"Connected to MongoDB mongodb://localhost:27017/Naoki_api_tests...","level":"info","timestamp":"2021-01-14T17:12:46.012Z"}
{"message":"Connected to MongoDB mongodb://localhost:27017/Naoki_api_tests...","level":"info","timestamp":"2021-01-14T17:12:47.538Z"}
{"message":"Connected to MongoDB mongodb://localhost:27017/Naoki_api_tests...","level":"info","timestamp":"2021-01-14T17:13:10.844Z"}
{"message":"Connected to MongoDB mongodb://localhost:27017/Naoki_api_tests...","level":"info","timestamp":"2021-01-14T17:13:12.249Z"}
{"message":"Connected to MongoDB mongodb://localhost:27017/Naoki_api_tests...","level":"info","timestamp":"2021-01-14T17:13:13.765Z"}
{"message":"Connected to MongoDB mongodb://localhost:27017/Naoki_api_tests...","level":"info","timestamp":"2021-01-14T17:13:35.144Z"}
{"message":"Connected to MongoDB mongodb://localhost:27017/Naoki_api_tests...","level":"info","timestamp":"2021-01-14T17:13:35.199Z"}
{"message":"Connected to MongoDB mongodb://localhost:27017/Naoki_api_tests...","level":"info","timestamp":"2021-01-14T17:13:35.289Z"}
{"message":"Connected to MongoDB mongodb://localhost:27017/Naoki_api_tests...","level":"info","timestamp":"2021-01-14T17:13:45.514Z"}
{"message":"Connected to MongoDB mongodb://localhost:27017/Naoki_api_tests...","level":"info","timestamp":"2021-01-14T17:13:47.084Z"}
{"message":"Connected to MongoDB mongodb://localhost:27017/Naoki_api_tests...","level":"info","timestamp":"2021-01-14T17:13:49.011Z"}
{"message":"Connected to MongoDB mongodb://localhost:27017/Naoki_api_tests...","level":"info","timestamp":"2021-01-14T17:14:39.701Z"}
{"message":"Connected to MongoDB mongodb://localhost:27017/Naoki_api_tests...","level":"info","timestamp":"2021-01-14T17:14:39.753Z"}
{"message":"Connected to MongoDB mongodb://localhost:27017/Naoki_api_tests...","level":"info","timestamp":"2021-01-14T17:14:40.031Z"}
{"message":"Connected to MongoDB mongodb://localhost:27017/Naoki_api_tests...","level":"info","timestamp":"2021-01-14T17:14:50.641Z"}
{"message":"Connected to MongoDB mongodb://localhost:27017/Naoki_api_tests...","level":"info","timestamp":"2021-01-14T17:14:50.707Z"}
{"message":"Connected to MongoDB mongodb://localhost:27017/Naoki_api_tests...","level":"info","timestamp":"2021-01-14T17:14:50.770Z"}
{"message":"Connected to MongoDB mongodb://localhost:27017/Naoki_api_tests...","level":"info","timestamp":"2021-01-14T17:14:51.917Z"}
{"message":"Connected to MongoDB mongodb://localhost:27017/Naoki_api_tests...","level":"info","timestamp":"2021-01-14T17:14:54.369Z"}
{"message":"Connected to MongoDB mongodb://localhost:27017/Naoki_api_tests...","level":"info","timestamp":"2021-01-14T17:14:56.061Z"}
{"message":"Connected to MongoDB mongodb://localhost:27017/Naoki_api_tests...","level":"info","timestamp":"2021-01-14T17:14:57.421Z"}
{"name":"MongoNetworkError","level":"info","message":"Could not connect to MongoDB mongodb://localhost:27017/Naoki_api_tests... failed to connect to server [localhost:27017] on first connect [MongoNetworkTimeoutError: connection timed out\n    at connectionFailureError (/Users/wacore/Documents/Documents - Hongda’s MacBook Pro/NaoKi-API/node_modules/mongodb/lib/core/connection/connect.js:342:14)\n    at Socket.<anonymous> (/Users/wacore/Documents/Documents - Hongda’s MacBook Pro/NaoKi-API/node_modules/mongodb/lib/core/connection/connect.js:310:16)\n    at Object.onceWrapper (events.js:421:28)\n    at Socket.emit (events.js:315:20)\n    at Socket._onTimeout (net.js:482:8)\n    at listOnTimeout (internal/timers.js:549:17)\n    at processTimers (internal/timers.js:492:7)]","stack":"MongoNetworkError: failed to connect to server [localhost:27017] on first connect [MongoNetworkTimeoutError: connection timed out\n    at connectionFailureError (/Users/wacore/Documents/Documents - Hongda’s MacBook Pro/NaoKi-API/node_modules/mongodb/lib/core/connection/connect.js:342:14)\n    at Socket.<anonymous> (/Users/wacore/Documents/Documents - Hongda’s MacBook Pro/NaoKi-API/node_modules/mongodb/lib/core/connection/connect.js:310:16)\n    at Object.onceWrapper (events.js:421:28)\n    at Socket.emit (events.js:315:20)\n    at Socket._onTimeout (net.js:482:8)\n    at listOnTimeout (internal/timers.js:549:17)\n    at processTimers (internal/timers.js:492:7)]\n    at Pool.<anonymous> (/Users/wacore/Documents/Documents - Hongda’s MacBook Pro/NaoKi-API/node_modules/mongodb/lib/core/topologies/server.js:438:11)\n    at Pool.emit (events.js:315:20)\n    at /Users/wacore/Documents/Documents - Hongda’s MacBook Pro/NaoKi-API/node_modules/mongodb/lib/core/connection/pool.js:562:14\n    at /Users/wacore/Documents/Documents - Hongda’s MacBook Pro/NaoKi-API/node_modules/mongodb/lib/core/connection/pool.js:995:11\n    at /Users/wacore/Documents/Documents - Hongda’s MacBook Pro/NaoKi-API/node_modules/mongodb/lib/core/connection/connect.js:32:7\n    at callback (/Users/wacore/Documents/Documents - Hongda’s MacBook Pro/NaoKi-API/node_modules/mongodb/lib/core/connection/connect.js:280:5)\n    at Socket.<anonymous> (/Users/wacore/Documents/Documents - Hongda’s MacBook Pro/NaoKi-API/node_modules/mongodb/lib/core/connection/connect.js:310:7)\n    at Object.onceWrapper (events.js:421:28)\n    at Socket.emit (events.js:315:20)\n    at Socket._onTimeout (net.js:482:8)\n    at listOnTimeout (internal/timers.js:549:17)\n    at processTimers (internal/timers.js:492:7)","timestamp":"2021-01-14T17:15:52.342Z"}
{"message":"Connected to MongoDB mongodb://localhost:27017/Naoki_api_tests...","level":"info","timestamp":"2021-01-14T17:17:35.892Z"}
{"message":"Connected to MongoDB mongodb://localhost:27017/Naoki_api_tests...","level":"info","timestamp":"2021-01-14T17:17:36.060Z"}
{"message":"Connected to MongoDB mongodb://localhost:27017/Naoki_api_tests...","level":"info","timestamp":"2021-01-14T17:17:36.077Z"}
{"message":"Connected to MongoDB mongodb://localhost:27017/Naoki_api_tests...","level":"info","timestamp":"2021-01-14T17:17:36.121Z"}
{"message":"Connected to MongoDB mongodb://localhost:27017/Naoki_api_tests...","level":"info","timestamp":"2021-01-14T17:18:24.399Z"}
{"message":"Connected to MongoDB mongodb://localhost:27017/Naoki_api_tests...","level":"info","timestamp":"2021-01-14T17:18:24.648Z"}
{"message":"Connected to MongoDB mongodb://localhost:27017/Naoki_api_tests...","level":"info","timestamp":"2021-01-14T17:18:24.958Z"}
{"message":"Connected to MongoDB mongodb://localhost:27017/Naoki_api_tests...","level":"info","timestamp":"2021-01-14T17:18:25.087Z"}
{"message":"Connected to MongoDB mongodb://localhost:27017/Naoki_api_tests...","level":"info","timestamp":"2021-01-14T17:18:40.116Z"}
{"message":"Connected to MongoDB mongodb://localhost:27017/Naoki_api_tests...","level":"info","timestamp":"2021-01-14T17:18:40.290Z"}
{"message":"Connected to MongoDB mongodb://localhost:27017/Naoki_api_tests...","level":"info","timestamp":"2021-01-14T17:18:40.306Z"}
{"message":"Connected to MongoDB mongodb://localhost:27017/Naoki_api_tests...","level":"info","timestamp":"2021-01-14T17:18:40.703Z"}
{"message":"Connected to MongoDB mongodb://localhost:27017/Naoki_api_tests...","level":"info","timestamp":"2021-01-14T17:18:51.184Z"}
{"message":"Connected to MongoDB mongodb://localhost:27017/Naoki_api_tests...","level":"info","timestamp":"2021-01-14T17:19:28.227Z"}
{"message":"Connected to MongoDB mongodb://localhost:27017/Naoki_api_tests...","level":"info","timestamp":"2021-01-14T17:19:28.473Z"}
{"message":"Connected to MongoDB mongodb://localhost:27017/Naoki_api_tests...","level":"info","timestamp":"2021-01-14T17:19:28.764Z"}
{"message":"Connected to MongoDB mongodb://localhost:27017/Naoki_api_tests...","level":"info","timestamp":"2021-01-14T17:19:29.084Z"}
{"message":"Connected to MongoDB mongodb://localhost:27017/Naoki_api_tests...","level":"info","timestamp":"2021-01-14T17:20:46.934Z"}
{"message":"Connected to MongoDB mongodb://localhost:27017/Naoki_api_tests...","level":"info","timestamp":"2021-01-14T17:21:06.752Z"}
{"message":"Connected to MongoDB mongodb://localhost:27017/Naoki_api_tests...","level":"info","timestamp":"2021-01-14T17:21:06.896Z"}
{"message":"Connected to MongoDB mongodb://localhost:27017/Naoki_api_tests...","level":"info","timestamp":"2021-01-14T17:21:07.013Z"}
{"message":"Connected to MongoDB mongodb://localhost:27017/Naoki_api_tests...","level":"info","timestamp":"2021-01-14T17:21:07.164Z"}
{"message":"Connected to MongoDB mongodb://localhost:27017/Naoki_api_tests...","level":"info","timestamp":"2021-01-14T17:22:24.010Z"}
{"message":"Connected to MongoDB mongodb://localhost:27017/Naoki_api_tests...","level":"info","timestamp":"2021-01-14T17:22:24.182Z"}
{"message":"Connected to MongoDB mongodb://localhost:27017/Naoki_api_tests...","level":"info","timestamp":"2021-01-14T17:22:24.333Z"}
{"message":"Connected to MongoDB mongodb://localhost:27017/Naoki_api_tests...","level":"info","timestamp":"2021-01-14T17:22:25.180Z"}
{"message":"Connected to MongoDB mongodb://localhost:27017/Naoki_api_tests...","level":"info","timestamp":"2021-01-14T17:22:31.869Z"}
{"message":"Connected to MongoDB mongodb://localhost:27017/Naoki_api_tests...","level":"info","timestamp":"2021-01-14T17:22:32.249Z"}
{"message":"Connected to MongoDB mongodb://localhost:27017/Naoki_api_tests...","level":"info","timestamp":"2021-01-14T17:22:32.922Z"}
{"message":"Connected to MongoDB mongodb://localhost:27017/Naoki_api_tests...","level":"info","timestamp":"2021-01-14T17:22:33.291Z"}
{"message":"Connected to MongoDB mongodb://localhost:27017/Naoki_api_tests...","level":"info","timestamp":"2021-01-14T17:22:57.269Z"}
{"message":"Connected to MongoDB mongodb://localhost:27017/Naoki_api_tests...","level":"info","timestamp":"2021-01-14T17:22:58.004Z"}
{"message":"Connected to MongoDB mongodb://localhost:27017/Naoki_api_tests...","level":"info","timestamp":"2021-01-14T17:22:58.096Z"}
{"message":"Connected to MongoDB mongodb://localhost:27017/Naoki_api_tests...","level":"info","timestamp":"2021-01-14T17:23:05.184Z"}
{"message":"Connected to MongoDB mongodb://localhost:27017/Naoki_api_tests...","level":"info","timestamp":"2021-01-14T17:23:05.377Z"}
{"message":"Connected to MongoDB mongodb://localhost:27017/Naoki_api_tests...","level":"info","timestamp":"2021-01-14T17:23:42.198Z"}
{"message":"Connected to MongoDB mongodb://localhost:27017/Naoki_api_tests...","level":"info","timestamp":"2021-01-14T17:23:42.470Z"}
{"message":"Connected to MongoDB mongodb://localhost:27017/Naoki_api_tests...","level":"info","timestamp":"2021-01-14T17:23:49.276Z"}
{"message":"Connected to MongoDB mongodb://localhost:27017/Naoki_api_tests...","level":"info","timestamp":"2021-01-14T17:23:50.384Z"}
{"message":"Connected to MongoDB mongodb://localhost:27017/Naoki_api_tests...","level":"info","timestamp":"2021-01-14T17:24:15.022Z"}
{"message":"Connected to MongoDB mongodb://localhost:27017/Naoki_api_tests...","level":"info","timestamp":"2021-01-14T17:24:15.278Z"}
{"message":"Connected to MongoDB mongodb://localhost:27017/Naoki_api_tests...","level":"info","timestamp":"2021-01-14T17:24:15.764Z"}
{"message":"Connected to MongoDB mongodb://localhost:27017/Naoki_api_tests...","level":"info","timestamp":"2021-01-14T17:24:22.803Z"}
{"message":"Connected to MongoDB mongodb://localhost:27017/Naoki_api_tests...","level":"info","timestamp":"2021-01-14T17:24:23.291Z"}
{"message":"Connected to MongoDB mongodb://localhost:27017/Naoki_api_tests...","level":"info","timestamp":"2021-01-14T17:24:24.262Z"}
{"message":"Connected to MongoDB mongodb://localhost:27017/Naoki_api_tests...","level":"info","timestamp":"2021-01-14T17:24:25.216Z"}
{"message":"Connected to MongoDB mongodb://localhost:27017/Naoki_api_tests...","level":"info","timestamp":"2021-01-14T17:25:28.038Z"}
{"message":"Connected to MongoDB mongodb://localhost:27017/Naoki_api_tests...","level":"info","timestamp":"2021-01-14T17:25:28.713Z"}
{"message":"Connected to MongoDB mongodb://localhost:27017/Naoki_api_tests...","level":"info","timestamp":"2021-01-14T17:25:29.631Z"}
{"message":"Connected to MongoDB mongodb://localhost:27017/Naoki_api_tests...","level":"info","timestamp":"2021-01-14T17:25:30.436Z"}
{"message":"Connected to MongoDB mongodb://localhost:27017/Naoki_api_tests...","level":"info","timestamp":"2021-01-14T17:27:26.753Z"}
{"message":"Connected to MongoDB mongodb://localhost:27017/Naoki_api_tests...","level":"info","timestamp":"2021-01-14T17:27:52.974Z"}
{"message":"Connected to MongoDB mongodb://localhost:27017/Naoki_api_tests...","level":"info","timestamp":"2021-01-14T17:27:52.986Z"}
{"message":"Connected to MongoDB mongodb://localhost:27017/Naoki_api_tests...","level":"info","timestamp":"2021-01-14T17:27:53.014Z"}
{"message":"Connected to MongoDB mongodb://localhost:27017/Naoki_api_tests...","level":"info","timestamp":"2021-01-14T17:27:53.298Z"}
{"message":"Connected to MongoDB mongodb://localhost:27017/Naoki_api_tests...","level":"info","timestamp":"2021-01-14T17:27:54.954Z"}
{"message":"Connected to MongoDB mongodb://localhost:27017/Naoki_api_tests...","level":"info","timestamp":"2021-01-14T17:28:13.773Z"}
{"message":"Connected to MongoDB mongodb://localhost:27017/Naoki_api_tests...","level":"info","timestamp":"2021-01-14T17:28:13.777Z"}
{"message":"Connected to MongoDB mongodb://localhost:27017/Naoki_api_tests...","level":"info","timestamp":"2021-01-14T17:28:13.805Z"}
{"message":"Connected to MongoDB mongodb://localhost:27017/Naoki_api_tests...","level":"info","timestamp":"2021-01-14T17:28:14.294Z"}
{"message":"Connected to MongoDB mongodb://localhost:27017/Naoki_api_tests...","level":"info","timestamp":"2021-01-14T17:28:24.376Z"}
{"message":"Connected to MongoDB mongodb://localhost:27017/Naoki_api_tests...","level":"info","timestamp":"2021-01-14T17:28:24.513Z"}
{"message":"Connected to MongoDB mongodb://localhost:27017/Naoki_api_tests...","level":"info","timestamp":"2021-01-14T17:28:24.800Z"}
{"message":"Connected to MongoDB mongodb://localhost:27017/Naoki_api_tests...","level":"info","timestamp":"2021-01-14T17:28:24.812Z"}
{"message":"Connected to MongoDB mongodb://localhost:27017/Naoki_api_tests...","level":"info","timestamp":"2021-01-14T17:28:27.715Z"}
{"message":"Connected to MongoDB mongodb://localhost:27017/Naoki_api_tests...","level":"info","timestamp":"2021-01-14T17:29:15.890Z"}
{"message":"Connected to MongoDB mongodb://localhost:27017/Naoki_api_tests...","level":"info","timestamp":"2021-01-14T17:29:16.095Z"}
{"message":"Connected to MongoDB mongodb://localhost:27017/Naoki_api_tests...","level":"info","timestamp":"2021-01-14T17:29:16.207Z"}
{"message":"Connected to MongoDB mongodb://localhost:27017/Naoki_api_tests...","level":"info","timestamp":"2021-01-14T17:29:16.245Z"}
{"message":"Connected to MongoDB mongodb://localhost:27017/Naoki_api_tests...","level":"info","timestamp":"2021-01-14T17:29:20.776Z"}
{"message":"Connected to MongoDB mongodb://localhost:27017/Naoki_api_tests...","level":"info","timestamp":"2021-01-14T17:29:37.779Z"}
{"message":"Connected to MongoDB mongodb://localhost:27017/Naoki_api_tests...","level":"info","timestamp":"2021-01-14T17:29:38.135Z"}
{"message":"Connected to MongoDB mongodb://localhost:27017/Naoki_api_tests...","level":"info","timestamp":"2021-01-14T17:29:38.235Z"}
{"message":"Connected to MongoDB mongodb://localhost:27017/Naoki_api_tests...","level":"info","timestamp":"2021-01-14T17:29:38.913Z"}
{"message":"Connected to MongoDB mongodb://localhost:27017/Naoki_api_tests...","level":"info","timestamp":"2021-01-14T17:29:54.943Z"}
{"message":"Connected to MongoDB mongodb://localhost:27017/Naoki_api_tests...","level":"info","timestamp":"2021-01-14T17:29:55.231Z"}
{"message":"Connected to MongoDB mongodb://localhost:27017/Naoki_api_tests...","level":"info","timestamp":"2021-01-14T17:29:55.552Z"}
{"message":"Connected to MongoDB mongodb://localhost:27017/Naoki_api_tests...","level":"info","timestamp":"2021-01-14T17:29:55.656Z"}
{"message":"Connected to MongoDB mongodb://localhost:27017/Naoki_api_tests...","level":"info","timestamp":"2021-01-14T17:29:56.890Z"}
{"message":"Connected to MongoDB mongodb://localhost:27017/Naoki_api_tests...","level":"info","timestamp":"2021-01-14T17:31:50.311Z"}
{"message":"Connected to MongoDB mongodb://localhost:27017/Naoki_api_tests...","level":"info","timestamp":"2021-01-14T17:31:50.470Z"}
{"message":"Connected to MongoDB mongodb://localhost:27017/Naoki_api_tests...","level":"info","timestamp":"2021-01-14T17:31:50.514Z"}
{"message":"Connected to MongoDB mongodb://localhost:27017/Naoki_api_tests...","level":"info","timestamp":"2021-01-14T17:31:50.965Z"}
{"message":"Connected to MongoDB mongodb://localhost:27017/Naoki_api_tests...","level":"info","timestamp":"2021-01-14T17:31:52.998Z"}
{"message":"Connected to MongoDB mongodb://localhost:27017/Naoki_api_tests...","level":"info","timestamp":"2021-01-14T17:34:33.178Z"}
{"message":"Connected to MongoDB mongodb://localhost:27017/Naoki_api_tests...","level":"info","timestamp":"2021-01-14T17:35:07.888Z"}
{"message":"Connected to MongoDB mongodb://localhost:27017/Naoki_api_tests...","level":"info","timestamp":"2021-01-14T17:36:34.537Z"}
{"message":"Connected to MongoDB mongodb://localhost:27017/Naoki_api_tests...","level":"info","timestamp":"2021-01-14T17:40:34.961Z"}
{"message":"Connected to MongoDB mongodb://localhost:27017/Naoki_api_tests...","level":"info","timestamp":"2021-01-14T17:41:12.276Z"}
{"message":"Connected to MongoDB mongodb://localhost:27017/Naoki_api_tests...","level":"info","timestamp":"2021-01-14T17:42:43.376Z"}
{"message":"Connected to MongoDB mongodb://localhost:27017/Naoki_api_tests...","level":"info","timestamp":"2021-01-14T17:43:12.340Z"}
{"message":"Connected to MongoDB mongodb://localhost:27017/Naoki_api_tests...","level":"info","timestamp":"2021-01-14T17:44:49.157Z"}
{"message":"Connected to MongoDB mongodb://localhost:27017/Naoki_api_tests...","level":"info","timestamp":"2021-01-14T17:45:14.293Z"}
{"message":"Connected to MongoDB mongodb://localhost:27017/Naoki_api_tests...","level":"info","timestamp":"2021-01-14T17:45:38.674Z"}
{"message":"Connected to MongoDB mongodb://localhost:27017/Naoki_api_tests...","level":"info","timestamp":"2021-01-14T17:45:59.827Z"}
{"message":"Connected to MongoDB mongodb://localhost:27017/Naoki_api_tests...","level":"info","timestamp":"2021-01-14T17:46:56.064Z"}
{"message":"Connected to MongoDB mongodb://localhost:27017/Naoki_api_tests...","level":"info","timestamp":"2021-01-14T17:47:29.922Z"}
{"message":"Connected to MongoDB mongodb://localhost:27017/Naoki_api_tests...","level":"info","timestamp":"2021-01-14T17:49:40.246Z"}
{"message":"Connected to MongoDB mongodb://localhost:27017/Naoki_api_tests...","level":"info","timestamp":"2021-01-14T17:51:10.580Z"}
{"message":"Connected to MongoDB mongodb://localhost:27017/Naoki_api_tests...","level":"info","timestamp":"2021-01-14T17:53:52.897Z"}
{"message":"Connected to MongoDB mongodb://localhost:27017/Naoki_api_tests...","level":"info","timestamp":"2021-01-14T17:57:23.712Z"}
{"message":"Connected to MongoDB mongodb://localhost:27017/Naoki_api_tests...","level":"info","timestamp":"2021-01-14T17:58:15.430Z"}
{"message":"Connected to MongoDB mongodb://localhost:27017/Naoki_api_tests...","level":"info","timestamp":"2021-01-14T17:58:28.334Z"}
{"message":"Connected to MongoDB mongodb://localhost:27017/Naoki_api_tests...","level":"info","timestamp":"2021-01-14T17:58:29.126Z"}
{"message":"Connected to MongoDB mongodb://localhost:27017/Naoki_api_tests...","level":"info","timestamp":"2021-01-14T17:58:29.684Z"}
{"message":"Connected to MongoDB mongodb://localhost:27017/Naoki_api_tests...","level":"info","timestamp":"2021-01-14T17:58:30.086Z"}
{"message":"Connected to MongoDB mongodb://localhost:27017/Naoki_api_tests...","level":"info","timestamp":"2021-01-14T17:59:10.305Z"}
{"message":"Connected to MongoDB mongodb://localhost:27017/Naoki_api_tests...","level":"info","timestamp":"2021-01-14T17:59:47.832Z"}
{"message":"Connected to MongoDB mongodb://localhost:27017/Naoki_api_tests...","level":"info","timestamp":"2021-01-14T18:00:06.418Z"}
{"message":"Connected to MongoDB mongodb://localhost:27017/Naoki_api_tests...","level":"info","timestamp":"2021-01-14T18:00:06.521Z"}
{"message":"Connected to MongoDB mongodb://localhost:27017/Naoki_api_tests...","level":"info","timestamp":"2021-01-14T18:00:06.546Z"}
{"message":"Connected to MongoDB mongodb://localhost:27017/Naoki_api_tests...","level":"info","timestamp":"2021-01-14T18:00:06.685Z"}
{"message":"Connected to MongoDB mongodb://localhost:27017/Naoki_api_tests...","level":"info","timestamp":"2021-01-14T18:00:11.909Z"}
{"message":"Connected to MongoDB mongodb://localhost:27017/Naoki_api_tests...","level":"info","timestamp":"2021-01-14T18:00:11.959Z"}
{"message":"Connected to MongoDB mongodb://localhost:27017/Naoki_api_tests...","level":"info","timestamp":"2021-01-14T18:00:12.090Z"}
{"message":"Connected to MongoDB mongodb://localhost:27017/Naoki_api_tests...","level":"info","timestamp":"2021-01-14T18:00:12.105Z"}
{"message":"Connected to MongoDB mongodb://localhost:27017/Naoki_api_tests...","level":"info","timestamp":"2021-01-14T18:01:29.192Z"}
{"message":"Connected to MongoDB mongodb://localhost:27017/Naoki_api_tests...","level":"info","timestamp":"2021-01-14T18:01:29.416Z"}
{"message":"Connected to MongoDB mongodb://localhost:27017/Naoki_api_tests...","level":"info","timestamp":"2021-01-14T18:01:29.492Z"}
{"message":"Connected to MongoDB mongodb://localhost:27017/Naoki_api_tests...","level":"info","timestamp":"2021-01-14T18:01:29.564Z"}
{"message":"Connected to MongoDB mongodb://localhost:27017/Naoki_api_tests...","level":"info","timestamp":"2021-01-14T18:01:36.186Z"}
{"message":"Connected to MongoDB mongodb://localhost:27017/Naoki_api_tests...","level":"info","timestamp":"2021-01-14T18:01:36.318Z"}
{"message":"Connected to MongoDB mongodb://localhost:27017/Naoki_api_tests...","level":"info","timestamp":"2021-01-14T18:01:36.462Z"}
{"message":"Connected to MongoDB mongodb://localhost:27017/Naoki_api_tests...","level":"info","timestamp":"2021-01-14T18:01:36.713Z"}
{"message":"Connected to MongoDB mongodb://localhost:27017/Naoki_api_tests...","level":"info","timestamp":"2021-01-14T18:01:56.851Z"}
{"message":"Connected to MongoDB mongodb://localhost:27017/Naoki_api_tests...","level":"info","timestamp":"2021-01-14T18:01:57.070Z"}
{"message":"Connected to MongoDB mongodb://localhost:27017/Naoki_api_tests...","level":"info","timestamp":"2021-01-14T18:01:57.092Z"}
{"message":"Connected to MongoDB mongodb://localhost:27017/Naoki_api_tests...","level":"info","timestamp":"2021-01-14T18:01:57.194Z"}
{"message":"Connected to MongoDB mongodb://localhost:27017/Naoki_api_tests...","level":"info","timestamp":"2021-01-14T18:02:03.174Z"}
{"message":"Connected to MongoDB mongodb://localhost:27017/Naoki_api_tests...","level":"info","timestamp":"2021-01-14T18:02:03.428Z"}
{"message":"Connected to MongoDB mongodb://localhost:27017/Naoki_api_tests...","level":"info","timestamp":"2021-01-14T18:02:03.451Z"}
{"message":"Connected to MongoDB mongodb://localhost:27017/Naoki_api_tests...","level":"info","timestamp":"2021-01-14T18:02:03.579Z"}
{"message":"Connected to MongoDB mongodb://localhost:27017/Naoki_api_tests...","level":"info","timestamp":"2021-01-14T18:02:08.383Z"}
{"message":"Connected to MongoDB mongodb://localhost:27017/Naoki_api_tests...","level":"info","timestamp":"2021-01-14T18:02:08.462Z"}
{"message":"Connected to MongoDB mongodb://localhost:27017/Naoki_api_tests...","level":"info","timestamp":"2021-01-14T18:02:08.493Z"}
{"message":"Connected to MongoDB mongodb://localhost:27017/Naoki_api_tests...","level":"info","timestamp":"2021-01-14T18:02:09.295Z"}
{"message":"Connected to MongoDB mongodb://localhost:27017/Naoki_api_tests...","level":"info","timestamp":"2021-01-14T18:02:34.907Z"}
{"message":"Connected to MongoDB mongodb://localhost:27017/Naoki_api_tests...","level":"info","timestamp":"2021-01-14T18:02:35.430Z"}
{"message":"Connected to MongoDB mongodb://localhost:27017/Naoki_api_tests...","level":"info","timestamp":"2021-01-14T18:02:35.839Z"}
{"message":"Connected to MongoDB mongodb://localhost:27017/Naoki_api_tests...","level":"info","timestamp":"2021-01-14T18:02:36.675Z"}
{"message":"Connected to MongoDB mongodb://localhost:27017/Naoki_api_tests...","level":"info","timestamp":"2021-01-14T18:03:41.307Z"}
{"message":"Connected to MongoDB mongodb://localhost:27017/Naoki_api_tests...","level":"info","timestamp":"2021-01-14T18:03:41.814Z"}
{"message":"Connected to MongoDB mongodb://localhost:27017/Naoki_api_tests...","level":"info","timestamp":"2021-01-14T18:03:42.632Z"}
{"message":"Connected to MongoDB mongodb://localhost:27017/Naoki_api_tests...","level":"info","timestamp":"2021-01-14T18:03:43.321Z"}
